<?xml version="1.0" encoding="UTF-8"?>
<!-- Generated by org.testng.reporters.JUnitReportReporter -->
<testsuite hostname="DESKTOP-8MA2CUN" failures="0" tests="1" name="Testcases.HeaderLinksTest" time="33.404" errors="0" timestamp="2024-04-23T22:38:56 EDT" skipped="0">
  <testcase classname="Testcases.HeaderLinksTest" name="headerLinksTest" time="33.404"/>
  <system-out/>
</testsuite> <!-- Testcases.HeaderLinksTest -->
