<?xml version="1.0" encoding="UTF-8"?>
<!-- Generated by org.testng.reporters.JUnitReportReporter -->
<testsuite hostname="DESKTOP-8MA2CUN" failures="0" tests="1" name="Testcases.LoginTest" time="2.741" errors="0" timestamp="2024-04-23T21:17:50 EDT" skipped="0">
  <testcase classname="Testcases.LoginTest" name="loginTestTC001" time="2.741"/>
  <system-out/>
</testsuite> <!-- Testcases.LoginTest -->
