<?xml version="1.0" encoding="UTF-8"?>
<!-- Generated by org.testng.reporters.JUnitReportReporter -->
<testsuite hostname="DESKTOP-8MA2CUN" failures="0" tests="1" name="Testcases.SignUpTest" time="7.924" errors="0" timestamp="2024-04-23T23:34:30 EDT" skipped="0">
  <testcase classname="Testcases.SignUpTest" name="signUptest" time="7.924"/>
  <system-out/>
</testsuite> <!-- Testcases.SignUpTest -->
