<?xml version="1.0" encoding="UTF-8"?>
<!-- Generated by org.testng.reporters.JUnitReportReporter -->
<testsuite hostname="DESKTOP-8MA2CUN" failures="0" tests="1" name="Testcases.Testcase1" time="0.084" errors="0" timestamp="2024-04-23T21:07:17 EDT" skipped="0">
  <testcase classname="Testcases.Testcase1" name="method1" time="0.084"/>
  <system-out/>
</testsuite> <!-- Testcases.Testcase1 -->
